# JRE version: OpenJDK Runtime Environment (8.0_152-b06) (build 1.8.0_152-release-1136-b06)
# Java VM: OpenJDK 64-Bit Server VM (25.152-b06 mixed mode linux-amd64 compressed oops)
Heap:
 PSYoungGen      total 260608K, used 0K [0x00000000e0000000, 0x00000000f9c00000, 0x0000000100000000)
  eden space 186368K, 0% used [0x00000000e0000000,0x00000000e0000000,0x00000000eb600000)
  from space 74240K, 0% used [0x00000000f1880000,0x00000000f1880000,0x00000000f6100000)
  to   space 100864K, 0% used [0x00000000eb600000,0x00000000eb600000,0x00000000f1880000)
 ParOldGen       total 136192K, used 128080K [0x00000000a0000000, 0x00000000a8500000, 0x00000000e0000000)
  object space 136192K, 94% used [0x00000000a0000000,0x00000000a7d14118,0x00000000a8500000)
 Metaspace       used 81905K, capacity 83868K, committed 84136K, reserved 1122304K
  class space    used 9944K, capacity 10395K, committed 10408K, reserved 1048576K
GC Heap History (10 events):
Event: 103.838 GC heap after
Heap after GC invocations=16 (full 4):
 PSYoungGen      total 159232K, used 0K [0x00000000e0000000, 0x00000000ec080000, 0x0000000100000000)
  eden space 124416K, 0% used [0x00000000e0000000,0x00000000e0000000,0x00000000e7980000)
  from space 34816K, 0% used [0x00000000e9e80000,0x00000000e9e80000,0x00000000ec080000)
  to   space 36352K, 0% used [0x00000000e7980000,0x00000000e7980000,0x00000000e9d00000)
 ParOldGen       total 132608K, used 43149K [0x00000000a0000000, 0x00000000a8180000, 0x00000000e0000000)
  object space 132608K, 32% used [0x00000000a0000000,0x00000000a2a237a8,0x00000000a8180000)
 Metaspace       used 57855K, capacity 58936K, committed 59160K, reserved 1101824K
  class space    used 7024K, capacity 7315K, committed 7336K, reserved 1048576K
}
Event: 109.547 GC heap before
{Heap before GC invocations=17 (full 4):
 PSYoungGen      total 159232K, used 124416K [0x00000000e0000000, 0x00000000ec080000, 0x0000000100000000)
  eden space 124416K, 100% used [0x00000000e0000000,0x00000000e7980000,0x00000000e7980000)
  from space 34816K, 0% used [0x00000000e9e80000,0x00000000e9e80000,0x00000000ec080000)
  to   space 36352K, 0% used [0x00000000e7980000,0x00000000e7980000,0x00000000e9d00000)
 ParOldGen       total 132608K, used 43149K [0x00000000a0000000, 0x00000000a8180000, 0x00000000e0000000)
  object space 132608K, 32% used [0x00000000a0000000,0x00000000a2a237a8,0x00000000a8180000)
 Metaspace       used 60937K, capacity 62114K, committed 62376K, reserved 1103872K
  class space    used 7250K, capacity 7560K, committed 7592K, reserved 1048576K
Event: 109.570 GC heap after
Heap after GC invocations=17 (full 4):
 PSYoungGen      total 160768K, used 30935K [0x00000000e0000000, 0x00000000ee300000, 0x0000000100000000)
  eden space 124416K, 0% used [0x00000000e0000000,0x00000000e0000000,0x00000000e7980000)
  from space 36352K, 85% used [0x00000000e7980000,0x00000000e97b5cf0,0x00000000e9d00000)
  to   space 39936K, 0% used [0x00000000ebc00000,0x00000000ebc00000,0x00000000ee300000)
 ParOldGen       total 132608K, used 43157K [0x00000000a0000000, 0x00000000a8180000, 0x00000000e0000000)
  object space 132608K, 32% used [0x00000000a0000000,0x00000000a2a257a8,0x00000000a8180000)
 Metaspace       used 60937K, capacity 62114K, committed 62376K, reserved 1103872K
  class space    used 7250K, capacity 7560K, committed 7592K, reserved 1048576K
}
Event: 113.741 GC heap before
{Heap before GC invocations=18 (full 4):
 PSYoungGen      total 160768K, used 155351K [0x00000000e0000000, 0x00000000ee300000, 0x0000000100000000)
  eden space 124416K, 100% used [0x00000000e0000000,0x00000000e7980000,0x00000000e7980000)
  from space 36352K, 85% used [0x00000000e7980000,0x00000000e97b5cf0,0x00000000e9d00000)
  to   space 39936K, 0% used [0x00000000ebc00000,0x00000000ebc00000,0x00000000ee300000)
 ParOldGen       total 132608K, used 43157K [0x00000000a0000000, 0x00000000a8180000, 0x00000000e0000000)
  object space 132608K, 32% used [0x00000000a0000000,0x00000000a2a257a8,0x00000000a8180000)
 Metaspace       used 74382K, capacity 75810K, committed 75944K, reserved 1116160K
  class space    used 9020K, capacity 9366K, committed 9384K, reserved 1048576K
Event: 114.018 GC heap after
Heap after GC invocations=18 (full 4):
 PSYoungGen      total 183296K, used 39921K [0x00000000e0000000, 0x00000000f0080000, 0x0000000100000000)
  eden space 143360K, 0% used [0x00000000e0000000,0x00000000e0000000,0x00000000e8c00000)
  from space 39936K, 99% used [0x00000000ebc00000,0x00000000ee2fc690,0x00000000ee300000)
  to   space 49152K, 0% used [0x00000000e8c00000,0x00000000e8c00000,0x00000000ebc00000)
 ParOldGen       total 132608K, used 51418K [0x00000000a0000000, 0x00000000a8180000, 0x00000000e0000000)
  object space 132608K, 38% used [0x00000000a0000000,0x00000000a32368a8,0x00000000a8180000)
 Metaspace       used 74382K, capacity 75810K, committed 75944K, reserved 1116160K
  class space    used 9020K, capacity 9366K, committed 9384K, reserved 1048576K
}
Event: 117.665 GC heap before
{Heap before GC invocations=19 (full 4):
 PSYoungGen      total 183296K, used 183281K [0x00000000e0000000, 0x00000000f0080000, 0x0000000100000000)
  eden space 143360K, 100% used [0x00000000e0000000,0x00000000e8c00000,0x00000000e8c00000)
  from space 39936K, 99% used [0x00000000ebc00000,0x00000000ee2fc690,0x00000000ee300000)
  to   space 49152K, 0% used [0x00000000e8c00000,0x00000000e8c00000,0x00000000ebc00000)
 ParOldGen       total 132608K, used 51418K [0x00000000a0000000, 0x00000000a8180000, 0x00000000e0000000)
  object space 132608K, 38% used [0x00000000a0000000,0x00000000a32368a8,0x00000000a8180000)
 Metaspace       used 80284K, capacity 81980K, committed 82088K, reserved 1122304K
  class space    used 9743K, capacity 10147K, committed 10152K, reserved 1048576K
Event: 119.230 GC heap after
Heap after GC invocations=19 (full 4):
 PSYoungGen      total 192512K, used 49142K [0x00000000e0000000, 0x00000000f6100000, 0x0000000100000000)
  eden space 143360K, 0% used [0x00000000e0000000,0x00000000e0000000,0x00000000e8c00000)
  from space 49152K, 99% used [0x00000000e8c00000,0x00000000ebbfd980,0x00000000ebc00000)
  to   space 74240K, 0% used [0x00000000f1880000,0x00000000f1880000,0x00000000f6100000)
 ParOldGen       total 132608K, used 97598K [0x00000000a0000000, 0x00000000a8180000, 0x00000000e0000000)
  object space 132608K, 73% used [0x00000000a0000000,0x00000000a5f4f898,0x00000000a8180000)
 Metaspace       used 80284K, capacity 81980K, committed 82088K, reserved 1122304K
  class space    used 9743K, capacity 10147K, committed 10152K, reserved 1048576K
}
Event: 128.588 GC heap before
{Heap before GC invocations=20 (full 4):
 PSYoungGen      total 192512K, used 192502K [0x00000000e0000000, 0x00000000f6100000, 0x0000000100000000)
  eden space 143360K, 100% used [0x00000000e0000000,0x00000000e8c00000,0x00000000e8c00000)
  from space 49152K, 99% used [0x00000000e8c00000,0x00000000ebbfd980,0x00000000ebc00000)
  to   space 74240K, 0% used [0x00000000f1880000,0x00000000f1880000,0x00000000f6100000)
 ParOldGen       total 132608K, used 97598K [0x00000000a0000000, 0x00000000a8180000, 0x00000000e0000000)
  object space 132608K, 73% used [0x00000000a0000000,0x00000000a5f4f898,0x00000000a8180000)
 Metaspace       used 81905K, capacity 83868K, committed 84136K, reserved 1122304K
  class space    used 9944K, capacity 10395K, committed 10408K, reserved 1048576K
Event: 135.586 GC heap after
Heap after GC invocations=20 (full 4):
 PSYoungGen      total 260608K, used 74225K [0x00000000e0000000, 0x00000000f9c00000, 0x0000000100000000)
  eden space 186368K, 0% used [0x00000000e0000000,0x00000000e0000000,0x00000000eb600000)
  from space 74240K, 99% used [0x00000000f1880000,0x00000000f60fc6c0,0x00000000f6100000)
  to   space 100864K, 0% used [0x00000000eb600000,0x00000000eb600000,0x00000000f1880000)
 ParOldGen       total 136192K, used 135314K [0x00000000a0000000, 0x00000000a8500000, 0x00000000e0000000)
  object space 136192K, 99% used [0x00000000a0000000,0x00000000a8424bd0,0x00000000a8500000)
 Metaspace       used 81905K, capacity 83868K, committed 84136K, reserved 1122304K
  class space    used 9944K, capacity 10395K, committed 10408K, reserved 1048576K
}
Event: 135.602 GC heap before
{Heap before GC invocations=21 (full 5):
 PSYoungGen      total 260608K, used 74225K [0x00000000e0000000, 0x00000000f9c00000, 0x0000000100000000)
  eden space 186368K, 0% used [0x00000000e0000000,0x00000000e0000000,0x00000000eb600000)
  from space 74240K, 99% used [0x00000000f1880000,0x00000000f60fc6c0,0x00000000f6100000)
  to   space 100864K, 0% used [0x00000000eb600000,0x00000000eb600000,0x00000000f1880000)
 ParOldGen       total 136192K, used 135314K [0x00000000a0000000, 0x00000000a8500000, 0x00000000e0000000)
  object space 136192K, 99% used [0x00000000a0000000,0x00000000a8424bd0,0x00000000a8500000)
 Metaspace       used 81905K, capacity 83868K, committed 84136K, reserved 1122304K
  class space    used 9944K, capacity 10395K, committed 10408K, reserved 1048576K

